<?xml version="1.0" encoding="utf-8"?><testsuites name="pytest tests"><testsuite name="pytest" errors="0" failures="0" skipped="0" tests="33" time="6.607" timestamp="2026-04-23T17:23:07.122380+00:00" hostname="agent-env-dfaa10a3-4cba-42e6-913c-6638b2d4a168"><testcase classname="backend.tests.test_bloodconnect_api.TestHealth" name="test_root_otp_mode_twilio" time="0.295" /><testcase classname="backend.tests.test_bloodconnect_api.TestSendOtpShape" name="test_send_otp_invalid_phone" time="0.174" /><testcase classname="backend.tests.test_bloodconnect_api.TestAdminAuth" name="test_super_login_ok" time="0.394" /><testcase classname="backend.tests.test_bloodconnect_api.TestAdminAuth" name="test_login_wrong_password_401" time="0.342" /><testcase classname="backend.tests.test_bloodconnect_api.TestAdminAuth" name="test_login_missing_fields_400" time="0.123" /><testcase classname="backend.tests.test_bloodconnect_api.TestAdminAuth" name="test_me_without_token_401" time="0.172" /><testcase classname="backend.tests.test_bloodconnect_api.TestAdminAuth" name="test_me_with_super_token" time="0.523" /><testcase classname="backend.tests.test_bloodconnect_api.TestAdminAuth" name="test_invite_regular_admin" time="0.383" /><testcase classname="backend.tests.test_bloodconnect_api.TestAdminAuth" name="test_invite_duplicate_email_409" time="0.140" /><testcase classname="backend.tests.test_bloodconnect_api.TestAdminAuth" name="test_invite_short_password_400" time="0.159" /><testcase classname="backend.tests.test_bloodconnect_api.TestAdminAuth" name="test_regular_admin_can_login" time="0.340" /><testcase classname="backend.tests.test_bloodconnect_api.TestAdminAuth" name="test_admin_list_super_only" time="0.137" /><testcase classname="backend.tests.test_bloodconnect_api.TestAdminAuth" name="test_admin_list_regular_gets_403" time="0.114" /><testcase classname="backend.tests.test_bloodconnect_api.TestAdminAuth" name="test_cannot_delete_super_admin" time="0.273" /><testcase classname="backend.tests.test_bloodconnect_api.TestAdminAuth" name="test_delete_regular_admin" time="0.264" /><testcase classname="backend.tests.test_bloodconnect_api.TestLegacyEndpointsNowJWT" name="test_blocklist_with_only_pin_fails" time="0.130" /><testcase classname="backend.tests.test_bloodconnect_api.TestLegacyEndpointsNowJWT" name="test_blocklist_with_bearer_ok" time="0.150" /><testcase classname="backend.tests.test_bloodconnect_api.TestLegacyEndpointsNowJWT" name="test_complaints_with_only_pin_fails" time="0.110" /><testcase classname="backend.tests.test_bloodconnect_api.TestLegacyEndpointsNowJWT" name="test_complaints_with_bearer_ok" time="0.107" /><testcase classname="backend.tests.test_bloodconnect_api.TestLegacyEndpointsNowJWT" name="test_block_requires_bearer" time="0.118" /><testcase classname="backend.tests.test_bloodconnect_api.TestLegacyEndpointsNowJWT" name="test_block_and_unblock_with_bearer" time="0.419" /><testcase classname="backend.tests.test_bloodconnect_api.TestLegacyEndpointsNowJWT" name="test_upload_csv_with_pin_fails" time="0.127" /><testcase classname="backend.tests.test_bloodconnect_api.TestSheetSync" name="test_sync_without_auth_401" time="0.139" /><testcase classname="backend.tests.test_bloodconnect_api.TestSheetSync" name="test_sync_invalid_url_400" time="0.122" /><testcase classname="backend.tests.test_bloodconnect_api.TestSheetSync" name="test_sheet_settings_get" time="0.123" /><testcase classname="backend.tests.test_bloodconnect_api.TestPendingRegistrations" name="test_register_creates_pending" time="0.118" /><testcase classname="backend.tests.test_bloodconnect_api.TestPendingRegistrations" name="test_pending_list_requires_admin" time="0.111" /><testcase classname="backend.tests.test_bloodconnect_api.TestPendingRegistrations" name="test_pending_list_with_admin" time="0.184" /><testcase classname="backend.tests.test_bloodconnect_api.TestPendingRegistrations" name="test_pending_export_csv" time="0.119" /><testcase classname="backend.tests.test_bloodconnect_api.TestPendingRegistrations" name="test_mark_synced" time="0.219" /><testcase classname="backend.tests.test_bloodconnect_api.TestDonorFilters" name="test_filters_shape" time="0.123" /><testcase classname="backend.tests.test_bloodconnect_api.TestAdminStats" name="test_stats_requires_bearer" time="0.113" /><testcase classname="backend.tests.test_bloodconnect_api.TestAdminStats" name="test_stats_with_bearer" time="0.132" /></testsuite></testsuites>